<?xml version="1.0" encoding="UTF-8" ?>
<testsuites>
<testsuite name="Frisby Test: verify translation is success" errors="0" tests="1" failures="0" time="0.607" timestamp="2016-06-02T17:24:17">
  <testcase classname="Frisby Test: verify translation is success" name="
	[ GET https://translate.yandex.net/api/v1.5/tr.json/translate?key=trnsl.1.1.20160314T055210Z.609ee89149686a99.22e2a4c8f48279cba64fe814237ef790791fd2c5&amp;text=tree&amp;lang=en-fr ]" time="0.607"></testcase>
</testsuite>
</testsuites>